<?xml version="1.0" encoding="UTF-8"?>
<!-- Generated by org.testng.reporters.JUnitReportReporter -->
<testsuite skipped="0" hostname="DESKTOP-JLVS8TD" name="onewayTestRunner.ExcelCombine" tests="9" failures="0" timestamp="29 Dec 2020 04:52:11 GMT" time="279.208" errors="0">
  <testcase name="Searchflights" time="78.586" classname="onewayTestRunner.ExcelCombine"/>
  <testcase name="Selectflights" time="27.790" classname="onewayTestRunner.ExcelCombine"/>
  <testcase name="paymentValid" time="18.103" classname="onewayTestRunner.ExcelCombine"/>
  <testcase name="paymentInvalid" time="30.048" classname="onewayTestRunner.ExcelCombine"/>
  <testcase name="paymentInvalid" time="29.667" classname="onewayTestRunner.ExcelCombine"/>
  <testcase name="paymentInvalid" time="32.753" classname="onewayTestRunner.ExcelCombine"/>
  <testcase name="Searchflights1" time="26.130" classname="onewayTestRunner.ExcelCombine"/>
  <testcase name="Searchflights2" time="16.725" classname="onewayTestRunner.ExcelCombine"/>
  <testcase name="Searchflights3" time="19.406" classname="onewayTestRunner.ExcelCombine"/>
</testsuite> <!-- onewayTestRunner.ExcelCombine -->
