<?xml version="1.0" encoding="UTF-8"?>
<!-- Generated by org.testng.reporters.JUnitReportReporter -->
<testsuite skipped="0" hostname="DESKTOP-JLVS8TD" name="returnTestRunner.SearchReturnTest" tests="8" failures="0" timestamp="28 Dec 2020 06:45:07 GMT" time="208.911" errors="0">
  <testcase name="searchReturnForm" time="32.199" classname="returnTestRunner.SearchReturnTest"/>
  <testcase name="selectFlights" time="51.614" classname="returnTestRunner.SearchReturnTest"/>
  <testcase name="paymentValid" time="15.468" classname="returnTestRunner.SearchReturnTest"/>
  <testcase name="paymentInvalid" time="23.683" classname="returnTestRunner.SearchReturnTest"/>
  <testcase name="paymentInvalid" time="24.437" classname="returnTestRunner.SearchReturnTest"/>
  <testcase name="paymentInvalid" time="23.167" classname="returnTestRunner.SearchReturnTest"/>
  <testcase name="searchsamesrcdest" time="17.740" classname="returnTestRunner.SearchReturnTest"/>
  <testcase name="searchInvalidDest" time="20.603" classname="returnTestRunner.SearchReturnTest"/>
</testsuite> <!-- returnTestRunner.SearchReturnTest -->
