<?xml version="1.0" encoding="UTF-8"?>
<!-- Generated by org.testng.reporters.JUnitReportReporter -->
<testsuite skipped="0" hostname="DESKTOP-JLVS8TD" name="multicityTestRunner.FlightSearchTest" tests="1" failures="0" timestamp="24 Dec 2020 04:52:37 GMT" time="16.806" errors="0">
  <testcase name="flightSearchForm" time="16.806" classname="multicityTestRunner.FlightSearchTest"/>
</testsuite> <!-- multicityTestRunner.FlightSearchTest -->
