<?xml version="1.0" encoding="UTF-8"?>
<!-- Generated by org.testng.reporters.JUnitReportReporter -->
<testsuite skipped="0" hostname="DESKTOP-JLVS8TD" name="multicityTestRunner.MultiFlightSearch" tests="1" failures="0" timestamp="24 Dec 2020 05:12:26 GMT" time="16.474" errors="0">
  <testcase name="flightSearchForm" time="16.474" classname="multicityTestRunner.MultiFlightSearch"/>
</testsuite> <!-- multicityTestRunner.MultiFlightSearch -->
