<?xml version="1.0" encoding="UTF-8"?>
<!-- Generated by org.testng.reporters.JUnitReportReporter -->
<testsuite skipped="0" hostname="DESKTOP-JLVS8TD" name="multicityTestRunner.MultiTry" tests="8" failures="0" timestamp="29 Dec 2020 05:20:48 GMT" time="210.495" errors="0">
  <testcase name="searchFlights" time="41.246" classname="multicityTestRunner.MultiTry"/>
  <testcase name="selectFlights" time="25.402" classname="multicityTestRunner.MultiTry"/>
  <testcase name="payment" time="17.105" classname="multicityTestRunner.MultiTry"/>
  <testcase name="paymentinvalid" time="27.931" classname="multicityTestRunner.MultiTry"/>
  <testcase name="paymentinvalid" time="24.301" classname="multicityTestRunner.MultiTry"/>
  <testcase name="paymentinvalid" time="23.646" classname="multicityTestRunner.MultiTry"/>
  <testcase name="searchFlightsinvalid" time="34.297" classname="multicityTestRunner.MultiTry"/>
  <testcase name="searchSameSrcDest" time="16.567" classname="multicityTestRunner.MultiTry"/>
</testsuite> <!-- multicityTestRunner.MultiTry -->
